<?xml version="1.0" encoding="UTF-8"?>
<!-- Generated by org.testng.reporters.JUnitReportReporter -->
<testsuite hostname="ManishKumarJha" failures="0" tests="4" name="api.tests.UserTests" time="6.406" errors="0" timestamp="2024-03-18T09:04:06 IST" skipped="0">
  <testcase classname="api.tests.UserTests" name="testPostUser" time="1.331"/>
  <system-out/>
  <testcase classname="api.tests.UserTests" name="testGetUserByName" time="1.314"/>
  <system-out/>
  <testcase classname="api.tests.UserTests" name="testUpdateUserByName" time="2.510"/>
  <system-out/>
  <testcase classname="api.tests.UserTests" name="testDeleteUserByName" time="1.251"/>
  <system-out/>
</testsuite> <!-- api.tests.UserTests -->
