<?xml version="1.0" encoding="UTF-8"?>
<!-- Generated by org.testng.reporters.JUnitReportReporter -->
<testsuite hostname="ManishKumarJha" failures="0" tests="4" name="api.tests.UserTests2" time="6.386" errors="0" timestamp="2024-03-18T09:04:06 IST" skipped="0">
  <testcase classname="api.tests.UserTests2" name="testPostUser" time="1.417"/>
  <system-out/>
  <testcase classname="api.tests.UserTests2" name="testGetUserByName" time="1.277"/>
  <system-out/>
  <testcase classname="api.tests.UserTests2" name="testUpdateUserByName" time="2.437"/>
  <system-out/>
  <testcase classname="api.tests.UserTests2" name="testDeleteUserByName" time="1.255"/>
  <system-out/>
</testsuite> <!-- api.tests.UserTests2 -->
