<?xml version="1.0" encoding="UTF-8"?>
<!-- Generated by org.testng.reporters.JUnitReportReporter -->
<testsuite hostname="ManishKumarJha" failures="0" tests="6" name="api.tests.DDTests" time="13.700" errors="0" timestamp="2024-03-18T09:04:06 IST" skipped="0">
  <testcase classname="api.tests.DDTests" name="testPostUser" time="1.228"/>
  <system-out/>
  <testcase classname="api.tests.DDTests" name="testPostUser" time="1.359"/>
  <system-out/>
  <testcase classname="api.tests.DDTests" name="testPostUser" time="6.599"/>
  <system-out/>
  <testcase classname="api.tests.DDTests" name="testDeleteUserByName" time="1.965"/>
  <system-out/>
  <testcase classname="api.tests.DDTests" name="testDeleteUserByName" time="1.260"/>
  <system-out/>
  <testcase classname="api.tests.DDTests" name="testDeleteUserByName" time="1.289"/>
  <system-out/>
</testsuite> <!-- api.tests.DDTests -->
