<?xml version="1.0" encoding="UTF-8"?>
<!-- Generated by org.testng.reporters.JUnitReportReporter -->
<testsuite hostname="ManishKumarJha" failures="0" tests="4" name="api.tests.UserTests" time="7.211" errors="0" timestamp="2024-03-20T07:16:18 IST" skipped="0">
  <testcase classname="api.tests.UserTests" name="testPostUser" time="1.467"/>
  <system-out/>
  <testcase classname="api.tests.UserTests" name="testGetUserByName" time="1.388"/>
  <system-out/>
  <testcase classname="api.tests.UserTests" name="testUpdateUserByName" time="2.904"/>
  <system-out/>
  <testcase classname="api.tests.UserTests" name="testDeleteUserByName" time="1.452"/>
  <system-out/>
</testsuite> <!-- api.tests.UserTests -->
