<?xml version="1.0" encoding="UTF-8"?>
<!-- Generated by org.testng.reporters.JUnitReportReporter -->
<testsuite hostname="ManishKumarJha" failures="0" tests="6" name="api.tests.DDTests" time="11.788" errors="0" timestamp="2024-03-20T07:16:18 IST" skipped="0">
  <testcase classname="api.tests.DDTests" name="testPostUser" time="1.530"/>
  <system-out/>
  <testcase classname="api.tests.DDTests" name="testPostUser" time="4.385"/>
  <system-out/>
  <testcase classname="api.tests.DDTests" name="testPostUser" time="1.478"/>
  <system-out/>
  <testcase classname="api.tests.DDTests" name="testDeleteUserByName" time="1.504"/>
  <system-out/>
  <testcase classname="api.tests.DDTests" name="testDeleteUserByName" time="1.457"/>
  <system-out/>
  <testcase classname="api.tests.DDTests" name="testDeleteUserByName" time="1.434"/>
  <system-out/>
</testsuite> <!-- api.tests.DDTests -->
