<?xml version="1.0" encoding="UTF-8"?>
<!-- Generated by org.testng.reporters.JUnitReportReporter -->
<testsuite hostname="ManishKumarJha" failures="0" tests="1" name="api.tests.StoreTests" time="1.424" errors="0" timestamp="2024-03-20T07:16:18 IST" skipped="0">
  <testcase classname="api.tests.StoreTests" name="testPostStore" time="1.424"/>
  <system-out/>
</testsuite> <!-- api.tests.StoreTests -->
